2011-12-06 23:16:44 no trigger task id specified
2011-12-06 23:16:50 task has no dependent tasks
2011-12-06 23:16:55 no trigger task id specified
2011-12-06 23:16:56 no trigger task id specified
2011-12-06 23:16:57 no trigger task id specified
2011-12-06 23:17:40 no trigger task id specified
2011-12-06 23:19:02 prefered server: thei.org.ua
2011-12-08 02:36:02 prefered server: 
2011-12-09 01:50:05 prefered server: thei.org.ua
2011-12-09 17:15:03 task has no dependent tasks
2011-12-09 19:19:16 no trigger task id specified
2011-12-09 19:24:58 prefered server: 
2011-12-09 19:39:45 prefered server: 
2011-12-09 19:40:04 task #191 submitted
2011-12-09 19:40:17 task #192 submitted
2011-12-09 19:40:27 task #193 submitted
2011-12-09 19:46:02 task has no dependent tasks
2011-12-09 19:46:02 task has no dependent tasks
2011-12-09 19:46:02 task has no dependent tasks
2011-12-09 19:50:02 prefered server: 
2011-12-09 19:50:12 task #231 submitted
2011-12-09 19:50:22 task #230 submitted
2011-12-09 19:50:34 task #229 submitted
2011-12-09 19:50:44 task #232 submitted
2011-12-09 19:54:09 task has no dependent tasks
2011-12-09 19:54:09 task has no dependent tasks
2011-12-09 19:54:09 task has no dependent tasks
2011-12-09 19:54:09 task has no dependent tasks
2011-12-09 20:21:02 prefered server: thei.org.ua
2011-12-09 20:21:02 task #237 submitted
2011-12-09 20:21:03 task #236 submitted
2011-12-09 20:21:04 task #235 submitted
2011-12-09 20:21:05 task #234 submitted
2011-12-09 20:26:02 task has no dependent tasks
2011-12-09 20:26:02 task has no dependent tasks
2011-12-09 20:26:02 task has no dependent tasks
2011-12-09 20:26:02 task has no dependent tasks
2011-12-09 21:03:02 prefered server: thei.org.ua
2011-12-09 21:03:03 task #242 submitted
2011-12-09 21:03:04 task #241 submitted
2011-12-09 21:03:05 task #240 submitted
2011-12-09 21:03:06 task #239 submitted
2011-12-09 21:08:02 task has no dependent tasks
2011-12-09 21:08:02 task has no dependent tasks
2011-12-09 21:08:02 task has no dependent tasks
2011-12-09 21:08:02 task has no dependent tasks
